[2025-04-23T09:00:32.075372+00:00] Exness Trading EA: Successful Trade
Successful Trade Executed on Exness MT5
Symbol: BTCUSDm
Timeframe: M1
Signal: BUY
Lot Size: 5.0
Entry Price: 94292.6
Stop Loss: 94229.44857142857
Take Profit: 94482.05428571429
Estimated Profit (if TP hit): 9.47 USD
Estimated Loss (if SL hit): -3.16 USD
Account Balance: 11140.24 USD
Order ID: 1830853761
Threshold: 2+
Time: 2025-04-23 09:00:16.566300+00:00
Stored in Trade History
==================================================
[2025-04-23T09:16:49.297363+00:00] Exness Trading EA: Successful Trade
Successful Trade Executed on Exness MT5
Symbol: XAUUSDm
Timeframe: M1
Signal: BUY
Lot Size: 1.59
Entry Price: 3331.94
Stop Loss: 3329.898357142857
Take Profit: 3338.064928571429
Estimated Profit (if TP hit): 0.97 USD
Estimated Loss (if SL hit): -0.32 USD
Account Balance: 10825.69 USD
Order ID: 1830994040
Threshold: 2+
Time: 2025-04-23 09:16:33.900299+00:00
Stored in Trade History
==================================================
[2025-04-23T09:38:07.315025+00:00] Exness Trading EA: Successful Trade
Successful Trade Executed on Exness MT5
Symbol: GBPUSDm
Timeframe: M1
Signal: BUY
Lot Size: 5.0
Entry Price: 1.3335
Stop Loss: 1.3332464285714285
Take Profit: 1.3342607142857141
Estimated Profit (if TP hit): 0.00 USD
Estimated Loss (if SL hit): -0.00 USD
Account Balance: 11794.96 USD
Order ID: 1831180329
Threshold: 2+
Time: 2025-04-23 09:37:51.258270+00:00
Stored in Trade History
==================================================
[2025-04-23T11:16:29.111227+00:00] Exness Trading EA: Successful Trade
Successful Trade Executed on Exness MT5
Symbol: BTCUSDm
Timeframe: M1
Signal: BUY
Lot Size: 5.0
Entry Price: 93627.86
Stop Loss: 93580.03
Take Profit: 93771.35
Estimated Profit (if TP hit): 7.17 USD
Estimated Loss (if SL hit): -2.39 USD
Account Balance: 111167.96 USD
Order ID: 1831925342
Threshold: 2+
Time: 2025-04-23 11:16:13.766969+00:00
Stored in Trade History
==================================================
[2025-04-23T11:32:45.789136+00:00] Exness Trading EA: Successful Trade
Successful Trade Executed on Exness MT5
Symbol: GBPUSDm
Timeframe: M1
Signal: BUY
Lot Size: 5.0
Entry Price: 1.33088
Stop Loss: 1.3305514285714286
Take Profit: 1.3318657142857144
Estimated Profit (if TP hit): 0.00 USD
Estimated Loss (if SL hit): -0.00 USD
Account Balance: 110928.76 USD
Order ID: 1832059347
Threshold: 2+
Time: 2025-04-23 11:32:30.356059+00:00
Stored in Trade History
==================================================
[2025-04-23T12:00:03.096830+00:00] Exness Trading EA: Successful Trade
Successful Trade Executed on Exness MT5
Symbol: BTCUSDm
Timeframe: M1
Signal: BUY
Lot Size: 5.0
Entry Price: 93433.3
Stop Loss: 93368.96
Take Profit: 93626.32
Estimated Profit (if TP hit): 9.65 USD
Estimated Loss (if SL hit): -3.22 USD
Account Balance: 110788.76 USD
Order ID: 1832221905
Threshold: 2+
Time: 2025-04-23 11:59:47.725265+00:00
Stored in Trade History
==================================================
[2025-04-23T13:17:09.271781+00:00] Exness Trading EA: Successful Trade
Successful Trade Executed on Exness MT5
Symbol: GBPUSDm
Timeframe: M1
Signal: BUY
Lot Size: 5.0
Entry Price: 1.33079
Stop Loss: 1.3304514285714286
Take Profit: 1.331805714285714
Estimated Profit (if TP hit): 0.01 USD
Estimated Loss (if SL hit): -0.00 USD 
Account Balance: 110467.06 USD
Order ID: 1833014440
Threshold: 2+
Time: 2025-04-23 13:16:53.641535+00:00
Stored in Trade History
==================================================
[2025-04-23T19:32:36.816926+00:00] Exness Trading EA: Successful Trade
Successful Trade Executed on Exness MT5
Symbol: BTCUSDm
Timeframe: M1
Signal: BUY
Lot Size: 5.0
Entry Price: 93189.81
Stop Loss: 93094.54285714285
Take Profit: 93475.61142857143
Estimated Profit (if TP hit): 14.29 USD
Estimated Loss (if SL hit): -4.76 USD
Account Balance: 110297.06 USD
Order ID: 1836410713
Threshold: 2+
Time: 2025-04-23 19:32:21.294587+00:00
Stored in Trade History
==================================================
[2025-04-23T19:48:54.721553+00:00] Exness Trading EA: Successful Trade
Successful Trade Executed on Exness MT5
Symbol: EURUSDm
Timeframe: M1
Signal: BUY
Lot Size: 5.0
Entry Price: 1.13278
Stop Loss: 1.1326071428571427
Take Profit: 1.1332985714285713
Estimated Profit (if TP hit): 0.00 USD
Estimated Loss (if SL hit): -0.00 USD
Account Balance: 110297.06 USD
Order ID: 1836479741
Threshold: 2+
Time: 2025-04-23 19:48:39.305438+00:00
Stored in Trade History
==================================================
[2025-04-23T20:09:13.152151+00:00] Exness Trading EA: Successful Trade
Successful Trade Executed on Exness MT5
Symbol: GBPUSDm
Timeframe: M1
Signal: BUY
Lot Size: 5.0
Entry Price: 1.32653
Stop Loss: 1.3263192857142858
Take Profit: 1.327162142857143
Estimated Profit (if TP hit): 0.00 USD
Estimated Loss (if SL hit): -0.00 USD
Account Balance: 111640.66 USD
Order ID: 1836563345
Threshold: 2+
Time: 2025-04-23 20:08:57.658727+00:00
Stored in Trade History
==================================================
[2025-04-23T20:44:33.532316+00:00] Exness Trading EA: Successful Trade
Successful Trade Executed on Exness MT5
Symbol: XAUUSDm
Timeframe: M1
Signal: BUY
Lot Size: 5.0
Entry Price: 3289.192
Stop Loss: 3287.7305714285712
Take Profit: 3293.5762857142854
Estimated Profit (if TP hit): 2.19 USD
Estimated Loss (if SL hit): -0.73 USD
Account Balance: 111535.66 USD
Order ID: 1836694930
Threshold: 2+
Time: 2025-04-23 20:44:18.168406+00:00
Stored in Trade History
==================================================
[2025-04-23T21:05:52.242864+00:00] Exness Trading EA: Successful Trade
Successful Trade Executed on Exness MT5
Symbol: BTCUSDm
Timeframe: M1
Signal: BUY
Lot Size: 5.0
Entry Price: 93821.06
Stop Loss: 93759.74071428571
Take Profit: 94005.01785714286
Estimated Profit (if TP hit): 9.20 USD
Estimated Loss (if SL hit): -3.07 USD
Account Balance: 110828.16 USD
Order ID: 1836734959
Threshold: 2+
Time: 2025-04-23 21:05:36.758356+00:00
Stored in Trade History
==================================================
[2025-04-23T21:30:10.770112+00:00] Exness Trading EA: Successful Trade
Successful Trade Executed on Exness MT5
Symbol: BTCUSDm
Timeframe: M1
Signal: BUY
Lot Size: 5.0
Entry Price: 93789.18
Stop Loss: 93758.5607142857
Take Profit: 93881.03785714286
Estimated Profit (if TP hit): 4.59 USD
Estimated Loss (if SL hit): -1.53 USD
Account Balance: 110531.46 USD
Order ID: 1836748841
Threshold: 2+
Time: 2025-04-23 21:29:55.338975+00:00
Stored in Trade History
==================================================
